[debug] [2023-04-05T18:32:41.348Z] ----------------------------------------------------------------------
[debug] [2023-04-05T18:32:41.352Z] Command:       C:\Program Files\nodejs\node.exe C:\Users\e\AppData\Roaming\npm\node_modules\firebase-tools\lib\bin\firebase.js init
[debug] [2023-04-05T18:32:41.353Z] CLI Version:   11.25.2
[debug] [2023-04-05T18:32:41.353Z] Platform:      win32
[debug] [2023-04-05T18:32:41.353Z] Node Version:  v16.15.1
[debug] [2023-04-05T18:32:41.355Z] Time:          Wed Apr 05 2023 20:32:41 GMT+0200 (Central Africa Time)
[debug] [2023-04-05T18:32:41.355Z] ----------------------------------------------------------------------
[debug] 
[debug] [2023-04-05T18:32:41.359Z] >>> [apiv2][query] GET https://firebase-public.firebaseio.com/cli.json [none]
[debug] [2023-04-05T18:32:41.391Z] > command requires scopes: ["email","openid","https://www.googleapis.com/auth/cloudplatformprojects.readonly","https://www.googleapis.com/auth/firebase","https://www.googleapis.com/auth/cloud-platform"]
[debug] [2023-04-05T18:32:41.392Z] > authorizing via signed-in user (paulsmsiame@gmail.com)
[info] 
     ######## #### ########  ######## ########     ###     ######  ########
     ##        ##  ##     ## ##       ##     ##  ##   ##  ##       ##
     ######    ##  ########  ######   ########  #########  ######  ######
     ##        ##  ##    ##  ##       ##     ## ##     ##       ## ##
     ##       #### ##     ## ######## ########  ##     ##  ######  ########

You're about to initialize a Firebase project in this directory:

  C:\Users\e\Documents\repos\leavedemo

[debug] [2023-04-05T18:32:42.971Z] <<< [apiv2][status] GET https://firebase-public.firebaseio.com/cli.json 200
[debug] [2023-04-05T18:32:42.972Z] <<< [apiv2][body] GET https://firebase-public.firebaseio.com/cli.json {"cloudBuildErrorAfter":1594252800000,"cloudBuildWarnAfter":1590019200000,"defaultNode10After":1594252800000,"minVersion":"3.0.5","node8DeploysDisabledAfter":1613390400000,"node8RuntimeDisabledAfter":1615809600000,"node8WarnAfter":1600128000000}
[info] 
=== Project Setup
[info] 
[info] First, let's associate this project directory with a Firebase project.
[info] You can create multiple project aliases by running firebase use --add, 
[info] but for now we'll just set up a default project.
[info] 
[debug] [2023-04-05T18:34:31.682Z] > refreshing access token with scopes: []
[debug] [2023-04-05T18:34:31.683Z] >>> [apiv2][query] POST https://www.googleapis.com/oauth2/v3/token [none]
[debug] [2023-04-05T18:34:31.683Z] >>> [apiv2][body] POST https://www.googleapis.com/oauth2/v3/token [omitted]
[debug] [2023-04-05T18:34:38.223Z] <<< [apiv2][status] POST https://www.googleapis.com/oauth2/v3/token 200
[debug] [2023-04-05T18:34:38.223Z] <<< [apiv2][body] POST https://www.googleapis.com/oauth2/v3/token [omitted]
[debug] [2023-04-05T18:34:38.259Z] >>> [apiv2][query] GET https://firebase.googleapis.com/v1beta1/projects pageSize=100
[debug] [2023-04-05T18:34:39.780Z] <<< [apiv2][status] GET https://firebase.googleapis.com/v1beta1/projects 200
[debug] [2023-04-05T18:34:39.780Z] <<< [apiv2][body] GET https://firebase.googleapis.com/v1beta1/projects [omitted]
[info] i  Using project leavelog-22f4d (Leavelog) 
[info] 
=== Database Setup
[info] i  database: ensuring required API firebasedatabase.googleapis.com is enabled... 
[debug] [2023-04-05T18:34:41.769Z] >>> [apiv2][query] GET https://serviceusage.googleapis.com/v1/projects/leavelog-22f4d/services/firebasedatabase.googleapis.com [none]
[debug] [2023-04-05T18:34:41.769Z] >>> [apiv2][(partial)header] GET https://serviceusage.googleapis.com/v1/projects/leavelog-22f4d/services/firebasedatabase.googleapis.com x-goog-quota-user=projects/leavelog-22f4d
[debug] [2023-04-05T18:34:44.344Z] <<< [apiv2][status] GET https://serviceusage.googleapis.com/v1/projects/leavelog-22f4d/services/firebasedatabase.googleapis.com 200
[debug] [2023-04-05T18:34:44.344Z] <<< [apiv2][body] GET https://serviceusage.googleapis.com/v1/projects/leavelog-22f4d/services/firebasedatabase.googleapis.com [omitted]
[warn] !  database: missing required API firebasedatabase.googleapis.com. Enabling now... 
[debug] [2023-04-05T18:34:44.345Z] >>> [apiv2][query] POST https://serviceusage.googleapis.com/v1/projects/leavelog-22f4d/services/firebasedatabase.googleapis.com:enable [none]
[debug] [2023-04-05T18:34:44.345Z] >>> [apiv2][(partial)header] POST https://serviceusage.googleapis.com/v1/projects/leavelog-22f4d/services/firebasedatabase.googleapis.com:enable x-goog-quota-user=projects/leavelog-22f4d
[debug] [2023-04-05T18:34:47.395Z] <<< [apiv2][status] POST https://serviceusage.googleapis.com/v1/projects/leavelog-22f4d/services/firebasedatabase.googleapis.com:enable 200
[debug] [2023-04-05T18:34:47.395Z] <<< [apiv2][body] POST https://serviceusage.googleapis.com/v1/projects/leavelog-22f4d/services/firebasedatabase.googleapis.com:enable [omitted]
[debug] [2023-04-05T18:34:57.407Z] >>> [apiv2][query] GET https://serviceusage.googleapis.com/v1/projects/leavelog-22f4d/services/firebasedatabase.googleapis.com [none]
[debug] [2023-04-05T18:34:57.407Z] >>> [apiv2][(partial)header] GET https://serviceusage.googleapis.com/v1/projects/leavelog-22f4d/services/firebasedatabase.googleapis.com x-goog-quota-user=projects/leavelog-22f4d
[debug] [2023-04-05T18:34:59.717Z] <<< [apiv2][status] GET https://serviceusage.googleapis.com/v1/projects/leavelog-22f4d/services/firebasedatabase.googleapis.com 200
[debug] [2023-04-05T18:34:59.717Z] <<< [apiv2][body] GET https://serviceusage.googleapis.com/v1/projects/leavelog-22f4d/services/firebasedatabase.googleapis.com [omitted]
[info] +  database: required API firebasedatabase.googleapis.com is enabled 
[info] 
[debug] [2023-04-05T18:34:59.720Z] >>> [apiv2][query] GET https://firebase.googleapis.com/v1beta1/projects/leavelog-22f4d [none]
[debug] [2023-04-05T18:35:01.015Z] <<< [apiv2][status] GET https://firebase.googleapis.com/v1beta1/projects/leavelog-22f4d 200
[debug] [2023-04-05T18:35:01.015Z] <<< [apiv2][body] GET https://firebase.googleapis.com/v1beta1/projects/leavelog-22f4d {"projectId":"leavelog-22f4d","projectNumber":"826994624156","displayName":"Leavelog","name":"projects/leavelog-22f4d","resources":{"hostingSite":"leavelog-22f4d"},"state":"ACTIVE","etag":"1_d7153f53-51f8-41c7-b65e-75f5f7ca5d5e"}
